<?xml version="1.0" encoding="UTF-8"?>
<!-- Generated by org.testng.reporters.JUnitReportReporter -->
<testsuite hostname="DESKTOP-BDFN67P" failures="0" tests="1" name="Reporting_tools.Log1" time="0.118" errors="0" timestamp="2023-05-27T15:38:56 IST" skipped="0">
  <testcase classname="Reporting_tools.Log1" name="test2" time="0.118"/>
  <system-out/>
</testsuite> <!-- Reporting_tools.Log1 -->
