<?xml version="1.0" encoding="UTF-8"?>
<!-- Generated by org.testng.reporters.JUnitReportReporter -->
<testsuite hostname="DESKTOP-BDFN67P" failures="0" tests="1" name="Test_scripts.Tc1" time="11.471" errors="0" timestamp="2023-05-24T19:04:10 IST" skipped="0">
  <testcase classname="Test_scripts.Tc1" name="test1" time="11.471"/>
  <system-out/>
</testsuite> <!-- Test_scripts.Tc1 -->
