<?xml version="1.0" encoding="UTF-8"?>
<!-- Generated by org.testng.reporters.JUnitReportReporter -->
<testsuite hostname="DESKTOP-BDFN67P" failures="0" tests="1" name="Reporting_tools.Extentreport" time="0.595" errors="0" timestamp="2023-05-27T15:26:25 IST" skipped="0">
  <testcase classname="Reporting_tools.Extentreport" name="test1" time="0.595"/>
  <system-out/>
</testsuite> <!-- Reporting_tools.Extentreport -->
